<?xml version="1.0" encoding="UTF-8"?>
<!-- Generated by org.testng.reporters.JUnitReportReporter -->
<testsuite hostname="ESLLAP-3765" failures="0" tests="1" name="TestRunner.CucumberRunner" time="7.635" errors="0" timestamp="2024-12-24T19:11:12 IST" skipped="0">
  <testcase classname="TestRunner.CucumberRunner" name="runScenario" time="7.635"/>
</testsuite> <!-- TestRunner.CucumberRunner -->
